<?xml version="1.0" encoding="UTF-8"?>
<!-- Generated by org.testng.reporters.JUnitXMLReporter -->
<testsuite ignored="1" hostname="LAPTOP-GLCNM1UD" failures="0" tests="1" name="Chrome Test" time="19.285" errors="0" timestamp="2023-09-04T09:22:28 IST">
  <testcase classname="com.qalegendbilling.testscipt.LoginTest" name="TC_001_verifyValidLogin" time="5.46"/>
  <testcase classname="com.qalegendbilling.testscipt.LoginTest" name="TC_002_verifyInvalidLogin" time="0.0">
    <ignored/>
  </testcase> <!-- TC_002_verifyInvalidLogin -->
</testsuite> <!-- Chrome Test -->
