<?xml version="1.0" encoding="UTF-8"?>
<!-- Generated by org.testng.reporters.JUnitXMLReporter -->
<testsuite ignored="1" hostname="LAPTOP-GLCNM1UD" failures="0" tests="1" name="Edge Test" time="0.03" errors="0" timestamp="2023-09-04T09:03:43 IST">
  <testcase classname="com.qalegendbilling.testscipt.LoginTest" name="TC_001_verifyValidLogin" time="0.0">
    <skipped/>
  </testcase> <!-- TC_001_verifyValidLogin -->
  <testcase classname="com.qalegendbilling.testscipt.LoginTest" name="TC_002_verifyInvalidLogin" time="0.0">
    <ignored/>
  </testcase> <!-- TC_002_verifyInvalidLogin -->
</testsuite> <!-- Edge Test -->
