<?xml version="1.0" encoding="UTF-8"?>
<!-- Generated by org.testng.reporters.JUnitXMLReporter -->
<testsuite ignored="0" hostname="LAPTOP-GLCNM1UD" failures="0" tests="3" name="Parallel Testing-chrome" time="32.761" errors="0" timestamp="2023-09-06T08:40:22 IST">
  <testcase classname="com.qalegendbilling.testscipt.LoginTest" name="TC_001_verifyValidLogin" time="6.401"/>
  <testcase classname="com.qalegendbilling.testscipt.LoginTest" name="TC_002_verifyInvalidLogin" time="3.119"/>
  <testcase classname="com.qalegendbilling.testscipt.LoginTest" name="TC_002_verifyInvalidLogin" time="1.87"/>
</testsuite> <!-- Parallel Testing-chrome -->
